
> Configure project :app
WARNING: Using flatDir should be avoided because it doesn't support any meta-data formats.

> Configure project :capacitor-cordova-android-plugins
WARNING: Using flatDir should be avoided because it doesn't support any meta-data formats.

> Task :app:preBuild UP-TO-DATE
> Task :app:preReleaseBuild UP-TO-DATE
> Task :app:generateReleaseResValues
> Task :capacitor-android:preBuild UP-TO-DATE
> Task :capacitor-android:preReleaseBuild UP-TO-DATE
> Task :capacitor-android:generateReleaseResValues
> Task :capacitor-android:generateReleaseResources
> Task :capacitor-android:packageReleaseResources
> Task :capacitor-cordova-android-plugins:preBuild UP-TO-DATE
> Task :capacitor-cordova-android-plugins:preReleaseBuild UP-TO-DATE
> Task :capacitor-cordova-android-plugins:generateReleaseResValues
> Task :capacitor-cordova-android-plugins:generateReleaseResources
> Task :capacitor-cordova-android-plugins:packageReleaseResources
> Task :capacitor-device:preBuild UP-TO-DATE
> Task :capacitor-device:preReleaseBuild UP-TO-DATE
> Task :capacitor-device:generateReleaseResValues
> Task :capacitor-device:generateReleaseResources
> Task :capacitor-device:packageReleaseResources
> Task :capacitor-keyboard:preBuild UP-TO-DATE
> Task :capacitor-keyboard:preReleaseBuild UP-TO-DATE
> Task :capacitor-keyboard:generateReleaseResValues
> Task :capacitor-keyboard:generateReleaseResources
> Task :capacitor-keyboard:packageReleaseResources
> Task :capacitor-status-bar:preBuild UP-TO-DATE
> Task :capacitor-status-bar:preReleaseBuild UP-TO-DATE
> Task :capacitor-status-bar:generateReleaseResValues
> Task :capacitor-status-bar:generateReleaseResources
> Task :capacitor-status-bar:packageReleaseResources
> Task :capawesome-capacitor-android-edge-to-edge-support:preBuild UP-TO-DATE
> Task :capawesome-capacitor-android-edge-to-edge-support:preReleaseBuild UP-TO-DATE
> Task :capawesome-capacitor-android-edge-to-edge-support:generateReleaseResValues
> Task :capawesome-capacitor-android-edge-to-edge-support:generateReleaseResources
> Task :capawesome-capacitor-android-edge-to-edge-support:packageReleaseResources
> Task :app:mapReleaseSourceSetPaths
> Task :app:generateReleaseResources
> Task :app:createReleaseCompatibleScreenManifests
> Task :app:extractDeepLinksRelease
> Task :capacitor-android:extractDeepLinksRelease
> Task :capacitor-android:processReleaseManifest
> Task :capacitor-cordova-android-plugins:extractDeepLinksRelease
> Task :capacitor-device:extractDeepLinksRelease
> Task :capacitor-device:processReleaseManifest
> Task :capacitor-keyboard:extractDeepLinksRelease
> Task :capacitor-keyboard:processReleaseManifest
> Task :capacitor-status-bar:extractDeepLinksRelease
> Task :capacitor-cordova-android-plugins:processReleaseManifest
> Task :capawesome-capacitor-android-edge-to-edge-support:extractDeepLinksRelease
> Task :capacitor-status-bar:processReleaseManifest
> Task :capawesome-capacitor-android-edge-to-edge-support:processReleaseManifest
> Task :capacitor-cordova-android-plugins:writeReleaseAarMetadata
> Task :capacitor-android:writeReleaseAarMetadata
> Task :app:processReleaseMainManifest
> Task :app:processReleaseManifest
> Task :app:processApplicationManifestReleaseForBundle
> Task :capacitor-device:writeReleaseAarMetadata
> Task :capacitor-status-bar:writeReleaseAarMetadata
> Task :capacitor-keyboard:writeReleaseAarMetadata
> Task :app:packageReleaseResources UP-TO-DATE
> Task :app:parseReleaseLocalResources
> Task :app:processReleaseManifestForPackage
> Task :capawesome-capacitor-android-edge-to-edge-support:writeReleaseAarMetadata
> Task :capacitor-android:parseReleaseLocalResources
> Task :capacitor-android:generateReleaseRFile
> Task :capacitor-android:compileReleaseLibraryResources
> Task :capacitor-cordova-android-plugins:parseReleaseLocalResources
> Task :app:checkReleaseAarMetadata
> Task :capacitor-cordova-android-plugins:compileReleaseLibraryResources
> Task :capacitor-cordova-android-plugins:generateReleaseRFile
> Task :capacitor-device:parseReleaseLocalResources
> Task :capacitor-device:generateReleaseRFile
> Task :capacitor-keyboard:parseReleaseLocalResources
> Task :capacitor-keyboard:generateReleaseRFile
> Task :capacitor-keyboard:compileReleaseLibraryResources
> Task :capacitor-device:compileReleaseLibraryResources
> Task :capawesome-capacitor-android-edge-to-edge-support:compileReleaseLibraryResources
> Task :capacitor-status-bar:compileReleaseLibraryResources
> Task :app:extractReleaseVersionControlInfo
> Task :capawesome-capacitor-android-edge-to-edge-support:parseReleaseLocalResources
> Task :app:mergeReleaseShaders
> Task :app:compileReleaseShaders NO-SOURCE
> Task :app:generateReleaseAssets UP-TO-DATE
> Task :capacitor-android:mergeReleaseShaders
> Task :capacitor-android:compileReleaseShaders NO-SOURCE
> Task :capacitor-android:generateReleaseAssets UP-TO-DATE
> Task :capacitor-android:packageReleaseAssets
> Task :capacitor-cordova-android-plugins:mergeReleaseShaders
> Task :capacitor-cordova-android-plugins:compileReleaseShaders NO-SOURCE
> Task :capacitor-cordova-android-plugins:generateReleaseAssets UP-TO-DATE
> Task :capacitor-status-bar:parseReleaseLocalResources
> Task :capacitor-cordova-android-plugins:packageReleaseAssets
> Task :capawesome-capacitor-android-edge-to-edge-support:generateReleaseRFile
> Task :capacitor-status-bar:generateReleaseRFile
> Task :capacitor-device:mergeReleaseShaders
> Task :capacitor-device:compileReleaseShaders NO-SOURCE
> Task :capacitor-device:generateReleaseAssets UP-TO-DATE
> Task :capacitor-device:packageReleaseAssets
> Task :capacitor-keyboard:mergeReleaseShaders
> Task :capacitor-keyboard:compileReleaseShaders NO-SOURCE
> Task :capacitor-keyboard:generateReleaseAssets UP-TO-DATE
> Task :capacitor-keyboard:packageReleaseAssets
> Task :capacitor-status-bar:mergeReleaseShaders
> Task :capacitor-status-bar:compileReleaseShaders NO-SOURCE
> Task :capacitor-status-bar:generateReleaseAssets UP-TO-DATE
> Task :capacitor-status-bar:packageReleaseAssets
> Task :capawesome-capacitor-android-edge-to-edge-support:mergeReleaseShaders
> Task :capawesome-capacitor-android-edge-to-edge-support:compileReleaseShaders NO-SOURCE
> Task :capawesome-capacitor-android-edge-to-edge-support:generateReleaseAssets UP-TO-DATE
> Task :capawesome-capacitor-android-edge-to-edge-support:packageReleaseAssets
> Task :app:mergeReleaseAssets
> Task :capacitor-android:javaPreCompileRelease

> Task :capacitor-android:compileReleaseJavaWithJavac
Note: Some input files use unchecked or unsafe operations.
Note: Recompile with -Xlint:unchecked for details.

> Task :capacitor-device:javaPreCompileRelease
> Task :capacitor-keyboard:javaPreCompileRelease
> Task :capawesome-capacitor-android-edge-to-edge-support:javaPreCompileRelease
> Task :capacitor-android:mergeReleaseGeneratedProguardFiles UP-TO-DATE
> Task :capacitor-android:exportReleaseConsumerProguardFiles
> Task :capacitor-cordova-android-plugins:javaPreCompileRelease
> Task :capacitor-status-bar:javaPreCompileRelease
> Task :capacitor-cordova-android-plugins:compileReleaseJavaWithJavac NO-SOURCE
> Task :capacitor-cordova-android-plugins:mergeReleaseGeneratedProguardFiles UP-TO-DATE
> Task :capacitor-cordova-android-plugins:exportReleaseConsumerProguardFiles UP-TO-DATE
> Task :app:javaPreCompileRelease
> Task :capacitor-cordova-android-plugins:bundleLibCompileToJarRelease
> Task :capacitor-android:prepareReleaseArtProfile UP-TO-DATE
> Task :capacitor-cordova-android-plugins:prepareReleaseArtProfile UP-TO-DATE
> Task :capacitor-device:prepareReleaseArtProfile UP-TO-DATE
> Task :capacitor-keyboard:prepareReleaseArtProfile UP-TO-DATE
> Task :capacitor-status-bar:prepareReleaseArtProfile UP-TO-DATE
> Task :capawesome-capacitor-android-edge-to-edge-support:prepareReleaseArtProfile UP-TO-DATE
> Task :app:checkReleaseDuplicateClasses
> Task :capacitor-android:bundleLibCompileToJarRelease
> Task :app:mergeReleaseArtProfile
> Task :capacitor-device:compileReleaseJavaWithJavac
> Task :capacitor-device:mergeReleaseGeneratedProguardFiles UP-TO-DATE
> Task :capacitor-device:exportReleaseConsumerProguardFiles UP-TO-DATE
> Task :app:mergeReleaseResources
> Task :capacitor-keyboard:compileReleaseJavaWithJavac
> Task :capacitor-keyboard:mergeReleaseGeneratedProguardFiles UP-TO-DATE
> Task :capacitor-keyboard:exportReleaseConsumerProguardFiles UP-TO-DATE

> Task :capacitor-status-bar:compileReleaseJavaWithJavac
Note: C:\Users\admin\design08\new-expnses-final\node_modules\@capacitor\status-bar\android\src\main\java\com\capacitorjs\plugins\statusbar\StatusBar.java uses or overrides a deprecated API.
Note: Recompile with -Xlint:deprecation for details.

> Task :capacitor-status-bar:mergeReleaseGeneratedProguardFiles UP-TO-DATE
> Task :capacitor-status-bar:exportReleaseConsumerProguardFiles UP-TO-DATE
> Task :capawesome-capacitor-android-edge-to-edge-support:compileReleaseJavaWithJavac
> Task :capawesome-capacitor-android-edge-to-edge-support:mergeReleaseGeneratedProguardFiles UP-TO-DATE
> Task :capawesome-capacitor-android-edge-to-edge-support:exportReleaseConsumerProguardFiles UP-TO-DATE
> Task :capacitor-device:bundleLibCompileToJarRelease
> Task :capacitor-keyboard:bundleLibCompileToJarRelease
> Task :capawesome-capacitor-android-edge-to-edge-support:bundleLibCompileToJarRelease
> Task :capacitor-cordova-android-plugins:bundleLibRuntimeToJarRelease
> Task :capacitor-device:bundleLibRuntimeToJarRelease
> Task :capacitor-keyboard:bundleLibRuntimeToJarRelease
> Task :capacitor-status-bar:bundleLibCompileToJarRelease
> Task :capawesome-capacitor-android-edge-to-edge-support:bundleLibRuntimeToJarRelease
> Task :app:extractProguardFiles
> Task :app:processReleaseJavaRes NO-SOURCE
> Task :capacitor-android:processReleaseJavaRes NO-SOURCE
> Task :capacitor-cordova-android-plugins:processReleaseJavaRes NO-SOURCE
> Task :capacitor-device:processReleaseJavaRes NO-SOURCE
> Task :capacitor-keyboard:processReleaseJavaRes NO-SOURCE
> Task :capacitor-status-bar:processReleaseJavaRes NO-SOURCE
> Task :capawesome-capacitor-android-edge-to-edge-support:processReleaseJavaRes NO-SOURCE
> Task :capacitor-status-bar:bundleLibRuntimeToJarRelease
> Task :app:mergeReleaseStartupProfile UP-TO-DATE
> Task :app:mergeReleaseJniLibFolders
> Task :capacitor-android:mergeReleaseJniLibFolders
> Task :capacitor-android:mergeReleaseNativeLibs NO-SOURCE
> Task :capacitor-android:copyReleaseJniLibsProjectOnly
> Task :capacitor-cordova-android-plugins:mergeReleaseJniLibFolders
> Task :capacitor-cordova-android-plugins:mergeReleaseNativeLibs NO-SOURCE
> Task :capacitor-cordova-android-plugins:copyReleaseJniLibsProjectOnly
> Task :capacitor-device:mergeReleaseJniLibFolders
> Task :capacitor-device:mergeReleaseNativeLibs NO-SOURCE
> Task :capacitor-device:copyReleaseJniLibsProjectOnly
> Task :capacitor-keyboard:mergeReleaseJniLibFolders
> Task :capacitor-keyboard:mergeReleaseNativeLibs NO-SOURCE
> Task :capacitor-keyboard:copyReleaseJniLibsProjectOnly
> Task :capacitor-status-bar:mergeReleaseJniLibFolders
> Task :capacitor-status-bar:mergeReleaseNativeLibs NO-SOURCE
> Task :capacitor-android:bundleLibRuntimeToJarRelease
> Task :capacitor-status-bar:copyReleaseJniLibsProjectOnly
> Task :capawesome-capacitor-android-edge-to-edge-support:mergeReleaseJniLibFolders
> Task :capawesome-capacitor-android-edge-to-edge-support:mergeReleaseNativeLibs NO-SOURCE
> Task :capawesome-capacitor-android-edge-to-edge-support:copyReleaseJniLibsProjectOnly
> Task :app:writeReleaseAppMetadata
> Task :app:mergeReleaseNativeLibs NO-SOURCE
> Task :app:stripReleaseDebugSymbols NO-SOURCE
> Task :app:collectReleaseDependencies
> Task :app:configureReleaseDependencies
> Task :app:extractReleaseNativeSymbolTables NO-SOURCE
> Task :app:parseReleaseIntegrityConfig UP-TO-DATE
> Task :app:validateSigningRelease FAILED
> Task :app:mergeReleaseJavaResource
> Task :app:processReleaseResources
[Incubating] Problems report is available at: file:///C:/Users/admin/design08/new-expnses-final/android/build/reports/problems/problems-report.html

FAILURE: Build failed with an exception.

* What went wrong:
Execution failed for task ':app:validateSigningRelease'.
> Keystore file 'C:\Users\admin\design08\new-expnses-final\android\app\app\release-key.jks' not found for signing config 'release'.

* Try:
> Run with --stacktrace option to get the stack trace.
> Run with --info or --debug option to get more log output.
> Run with --scan to get full insights.
> Get more help at https://help.gradle.org.

BUILD FAILED in 41s
148 actionable tasks: 128 executed, 20 up-to-date
